2023-10-14 01:00:34,685 - log.log - INFO - {
    "DATA":{
        "ROOT":"datasets",
        "SESSION":"talk",
        "TEST_AUD_DATA":"ChaLearn2016_tiny/voice_data/voice_librosa/test_data",
        "TEST_IMG_DATA":"ChaLearn2016_tiny/test_data",
        "TEST_IMG_FACE_DATA":"image_data/test_data_face",
        "TEST_LABEL_DATA":"ChaLearn2016_tiny/annotation/annotation_test.pkl",
        "TRAIN_AUD_DATA":"ChaLearn2016_tiny/voice_data/voice_librosa/train_data",
        "TRAIN_IMG_DATA":"ChaLearn2016_tiny/train_data",
        "TRAIN_IMG_FACE_DATA":"image_data/train_data_face",
        "TRAIN_LABEL_DATA":"ChaLearn2016_tiny/annotation/annotation_training.pkl",
        "TYPE":"frame",
        "VALID_AUD_DATA":"ChaLearn2016_tiny/voice_data/voice_librosa/valid_data",
        "VALID_IMG_DATA":"ChaLearn2016_tiny/valid_data",
        "VALID_IMG_FACE_DATA":"image_data/valid_data_face",
        "VALID_LABEL_DATA":"ChaLearn2016_tiny/annotation/annotation_validation.pkl",
        "VA_DATA":"va_data/cropped_aligned",
        "VA_ROOT":"datasets",
        "VA_TRAIN_LABEL":"va_data/va_label/VA_Set/Train_Set",
        "VA_VALID_LABEL":"va_data/va_label/VA_Set/Validation_Set"
    },
    "DATA_LOADER":{
        "DATASET":"",
        "DROP_LAST":true,
        "NAME":"bimodal_resnet_data_loader",
        "NUM_WORKERS":0,
        "SECOND_STAGE":{
            "METHOD":"",
            "TYPE":""
        },
        "SHUFFLE":true,
        "TRAIN_BATCH_SIZE":8,
        "TRANSFORM":"standard_frame_transform",
        "VALID_BATCH_SIZE":4
    },
    "LOSS":{
        "NAME":"mean_square_error"
    },
    "MODEL":{
        "NAME":"audiovisual_resnet",
        "NUM_CLASS":5,
        "PRETRAIN":false,
        "RETURN_FEATURE":false,
        "SPECTRUM_CHANNEL":50
    },
    "SOLVER":{
        "BETA_1":0.5,
        "BETA_2":0.999,
        "FACTOR":0.1,
        "LR_INIT":0.001,
        "MILESTONE":[
            100,
            200
        ],
        "MOMENTUM":0.9,
        "NAME":"sgd",
        "RESET_LR":false,
        "SCHEDULER":"multi_step_scale",
        "WEIGHT_DECAY":0.0005
    },
    "TEST":{
        "COMPUTE_CCC":true,
        "COMPUTE_PCC":true,
        "FULL_TEST":false,
        "SAVE_DATASET_OUTPUT":"",
        "TEST_ONLY":false,
        "WEIGHT":""
    },
    "TRAIN":{
        "LOG_INTERVAL":10,
        "MAX_EPOCH":30,
        "OUTPUT_DIR":"results/demo/unified_frame_images/03_bimodal_resnet",
        "PRE_TRAINED_MODEL":null,
        "RESUME":"",
        "START_EPOCH":0,
        "TRAINER":"BiModalTrainer",
        "VALID_INTERVAL":1
    }
}
